<?xml version="1.0" encoding="utf-8"?><testsuites><testsuite errors="0" failures="0" hostname="RaghavendrasAir" name="pytest" skipped="0" tests="14" time="0.366" timestamp="2020-05-16T18:29:34.458440"><testcase classname="pyTestDemo.test_demo1" file="pyTestDemo/test_demo1.py" line="7" name="test_firstProgram" time="0.004"></testcase><testcase classname="pyTestDemo.test_demo1" file="pyTestDemo/test_demo1.py" line="12" name="test_SecondGreetCreditCard" time="0.001"></testcase><testcase classname="pyTestDemo.test_demo1" file="pyTestDemo/test_demo1.py" line="17" name="test_crossBrowser[crossBrowser0]" time="0.001"></testcase><testcase classname="pyTestDemo.test_demo1" file="pyTestDemo/test_demo1.py" line="17" name="test_crossBrowser[crossBrowser1]" time="0.001"></testcase><testcase classname="pyTestDemo.test_demo1" file="pyTestDemo/test_demo1.py" line="17" name="test_crossBrowser[crossBrowser2]" time="0.001"></testcase><testcase classname="pyTestDemo.test_demo2" file="pyTestDemo/test_demo2.py" line="18" name="test_firstProgram" time="0.001"></testcase><testcase classname="pyTestDemo.test_demo2" file="pyTestDemo/test_demo2.py" line="26" name="test_SecondCreditCard" time="0.001"></testcase><testcase classname="pyTestDemo.test_fixturesData.TestExample2" file="pyTestDemo/test_fixturesData.py" line="8" name="test_editProfile" time="0.070"></testcase><testcase classname="pyTestDemo.test_fixturesDemo.TestExample" file="pyTestDemo/test_fixturesDemo.py" line="6" name="test_fixtureDemo" time="0.001"></testcase><testcase classname="pyTestDemo.test_fixturesDemo.TestExample" file="pyTestDemo/test_fixturesDemo.py" line="9" name="test_fixtureDemo1" time="0.001"></testcase><testcase classname="pyTestDemo.test_fixturesDemo.TestExample" file="pyTestDemo/test_fixturesDemo.py" line="12" name="test_fixtureDemo2" time="0.001"></testcase><testcase classname="pyTestDemo.test_fixturesDemo.TestExample" file="pyTestDemo/test_fixturesDemo.py" line="15" name="test_fixtureDemo3" time="0.001"></testcase><testcase classname="pyTestDemo.test_logging" file="pyTestDemo/test_logging.py" line="3" name="test_loggingDemo" time="0.001"></testcase><testcase classname="pyTestDemo.test_reportdemo" file="pyTestDemo/test_reportdemo.py" line="0" name="test" time="0.001"></testcase></testsuite></testsuites>